<?xml version="1.0" encoding="UTF-8"?>
<!-- Generated by org.testng.reporters.JUnitReportReporter -->
<testsuite skipped="0" hostname="QA-SARATHKUMAR-LAP" name="test.Smoke.dummy" tests="1" failures="0" timestamp="2021-09-03T14:58:21 IST" time="0.007" errors="0">
  <testcase name="dummy1" time="0.007" classname="test.Smoke.dummy"/>
  <system-out/>
</testsuite> <!-- test.Smoke.dummy -->
