<?xml version="1.0" encoding="UTF-8"?>
<!-- Generated by org.testng.reporters.JUnitReportReporter -->
<testsuite skipped="0" hostname="QA-SARATHKUMAR-LAP" name="test.Signalsnotebook.PositivenegativeLoginScenario" tests="4" failures="0" timestamp="2021-08-26T12:15:39 IST" time="259.870" errors="0">
  <testcase name="LoginNegative" time="13.703" classname="test.Signalsnotebook.PositivenegativeLoginScenario"/>
  <system-out/>
  <testcase name="LoginPositive" time="13.893" classname="test.Signalsnotebook.PositivenegativeLoginScenario"/>
  <system-out/>
  <testcase name="LoginPositive" time="221.223" classname="test.Signalsnotebook.PositivenegativeLoginScenario"/>
  <system-out/>
  <testcase name="LoginNegative" time="11.051" classname="test.Signalsnotebook.PositivenegativeLoginScenario"/>
  <system-out/>
</testsuite> <!-- test.Signalsnotebook.PositivenegativeLoginScenario -->
