<?xml version="1.0" encoding="UTF-8"?>
<!-- Generated by org.testng.reporters.JUnitReportReporter -->
<testsuite skipped="0" hostname="QA-SARATHKUMAR-LAP" name="test.Regressiontest.testdummyforpageobject" tests="1" failures="0" timestamp="2022-02-04T14:46:46 IST" time="16.799" errors="0">
  <testcase name="LoginPositive" time="16.799" classname="test.Regressiontest.testdummyforpageobject"/>
  <system-out/>
</testsuite> <!-- test.Regressiontest.testdummyforpageobject -->
