<?xml version="1.0" encoding="UTF-8"?>
<!-- Generated by org.testng.reporters.JUnitReportReporter -->
<testsuite skipped="0" hostname="QA-SARATHKUMAR-LAP" name="test.Signalsnotebook.ValidatenewUserCreationSystemadmin" tests="2" failures="0" timestamp="2021-08-26T13:25:22 IST" time="1004.604" errors="0">
  <testcase name="pagetimeoutset" time="745.783" classname="test.Signalsnotebook.ValidatenewUserCreationSystemadmin"/>
  <system-out/>
  <testcase name="newUserCreation" time="258.821" classname="test.Signalsnotebook.ValidatenewUserCreationSystemadmin"/>
  <system-out/>
</testsuite> <!-- test.Signalsnotebook.ValidatenewUserCreationSystemadmin -->
