<?xml version="1.0" encoding="UTF-8"?>
<!-- Generated by org.testng.reporters.JUnitReportReporter -->
<testsuite skipped="0" hostname="QA-SARATHKUMAR-LAP" name="test.Signalsnotebook.DashboardUsernameDropDownvalidation" tests="2" failures="0" timestamp="2021-08-26T13:25:22 IST" time="55.486" errors="0">
  <testcase name="dashboardDropDownValidation" time="28.966" classname="test.Signalsnotebook.DashboardUsernameDropDownvalidation"/>
  <system-out/>
  <testcase name="dashboardDropDownValidation" time="26.520" classname="test.Signalsnotebook.DashboardUsernameDropDownvalidation"/>
  <system-out/>
</testsuite> <!-- test.Signalsnotebook.DashboardUsernameDropDownvalidation -->
