<?xml version="1.0" encoding="UTF-8"?>
<!-- Generated by org.testng.reporters.JUnitReportReporter -->
<testsuite skipped="0" hostname="QA-SARATHKUMAR-LAP" name="test.Regressiontest.MaterialsActivationChecker" tests="4" failures="0" timestamp="2021-12-07T15:17:53 IST" time="165.085" errors="0">
  <testcase name="configchecker2" time="83.772" classname="test.Regressiontest.MaterialsActivationChecker"/>
  <system-out/>
  <testcase name="LoginPositive" time="33.885" classname="test.Regressiontest.MaterialsActivationChecker"/>
  <system-out/>
  <testcase name="LoginPositive" time="47.225" classname="test.Regressiontest.MaterialsActivationChecker"/>
  <system-out/>
  <testcase name="configchecker2" time="0.203" classname="test.Regressiontest.MaterialsActivationChecker"/>
  <system-out/>
</testsuite> <!-- test.Regressiontest.MaterialsActivationChecker -->
