<?xml version="1.0" encoding="UTF-8"?>
<!-- Generated by org.testng.reporters.JUnitReportReporter -->
<testsuite skipped="1" hostname="QA-SARATHKUMAR-LAP" name="test.Regressiontest.ValidatenewUserCreationSystemadmin" tests="2" failures="0" timestamp="2021-10-29T14:17:39 IST" time="238.480" errors="0">
  <testcase name="newUserCreation" time="238.480" classname="test.Regressiontest.ValidatenewUserCreationSystemadmin"/>
  <system-out/>
  <testcase name="pagetimeoutset" classname="test.Regressiontest.ValidatenewUserCreationSystemadmin">
    <skipped/>
  </testcase> <!-- pagetimeoutset -->
  <system-out/>
</testsuite> <!-- test.Regressiontest.ValidatenewUserCreationSystemadmin -->
