<?xml version="1.0" encoding="UTF-8"?>
<!-- Generated by org.testng.reporters.JUnitReportReporter -->
<testsuite skipped="0" hostname="QA-SARATHKUMAR-LAP" name="test.Regressiontest.UploadsValidation" tests="4" failures="0" timestamp="2022-02-18T12:20:40 IST" time="291.111" errors="0">
  <testcase name="LoginPositive" time="118.638" classname="test.Regressiontest.UploadsValidation"/>
  <system-out/>
  <testcase name="configchecker2" time="0.086" classname="test.Regressiontest.UploadsValidation"/>
  <system-out/>
  <testcase name="LoginPositive" time="100.718" classname="test.Regressiontest.UploadsValidation"/>
  <system-out/>
  <testcase name="configchecker2" time="71.669" classname="test.Regressiontest.UploadsValidation"/>
  <system-out/>
</testsuite> <!-- test.Regressiontest.UploadsValidation -->
