<?xml version="1.0" encoding="UTF-8"?>
<!-- Generated by org.testng.reporters.JUnitReportReporter -->
<testsuite skipped="0" hostname="QA-SARATHKUMAR-LAP" name="test.Regressiontest.Validatesharingandsigning" tests="4" failures="0" timestamp="2021-11-25T11:05:24 IST" time="273.290" errors="0">
  <testcase name="configchecker2" time="196.793" classname="test.Regressiontest.Validatesharingandsigning"/>
  <system-out/>
  <testcase name="dashboardDropDownValidation" time="31.222" classname="test.Regressiontest.Validatesharingandsigning"/>
  <system-out/>
  <testcase name="configchecker2" time="0.080" classname="test.Regressiontest.Validatesharingandsigning"/>
  <system-out/>
  <testcase name="dashboardDropDownValidation" time="45.195" classname="test.Regressiontest.Validatesharingandsigning"/>
  <system-out/>
</testsuite> <!-- test.Regressiontest.Validatesharingandsigning -->
