<?xml version="1.0" encoding="UTF-8"?>
<!-- Generated by org.testng.reporters.JUnitReportReporter -->
<testsuite skipped="0" hostname="QA-SARATHKUMAR-LAP" name="test.API.APItest" tests="2" failures="0" timestamp="2021-11-25T11:13:44 IST" time="8.252" errors="0">
  <testcase name="apimethod" time="2.948" classname="test.API.APItest"/>
  <system-out/>
  <testcase name="API_AttributelistCration" time="5.304" classname="test.API.APItest"/>
  <system-out/>
</testsuite> <!-- test.API.APItest -->
