<?xml version="1.0" encoding="UTF-8"?>
<!-- Generated by org.testng.reporters.JUnitReportReporter -->
<testsuite skipped="0" hostname="QA-SARATHKUMAR-LAP" name="test.Regressiontest.CreateTableTemplate" tests="1" failures="0" timestamp="2021-11-25T11:05:24 IST" time="17.204" errors="0">
  <testcase name="LoginPositive" time="17.204" classname="test.Regressiontest.CreateTableTemplate"/>
  <system-out/>
</testsuite> <!-- test.Regressiontest.CreateTableTemplate -->
