<?xml version="1.0" encoding="UTF-8"?>
<!-- Generated by org.testng.reporters.JUnitReportReporter -->
<testsuite skipped="0" hostname="QA-SARATHKUMAR-LAP" name="test.Regressiontest.ExternalActionsValidation" tests="4" failures="0" timestamp="2021-12-09T12:19:57 IST" time="222.000" errors="0">
  <testcase name="configchecker" time="57.303" classname="test.Regressiontest.ExternalActionsValidation"/>
  <system-out/>
  <testcase name="configchecker" time="0.112" classname="test.Regressiontest.ExternalActionsValidation"/>
  <system-out/>
  <testcase name="LoginPositive" time="78.971" classname="test.Regressiontest.ExternalActionsValidation"/>
  <system-out/>
  <testcase name="LoginPositive" time="85.614" classname="test.Regressiontest.ExternalActionsValidation"/>
  <system-out/>
</testsuite> <!-- test.Regressiontest.ExternalActionsValidation -->
