<?xml version="1.0" encoding="UTF-8"?>
<!-- Generated by org.testng.reporters.JUnitReportReporter -->
<testsuite skipped="0" hostname="QA-SARATHKUMAR-LAP" name="test.Signalsnotebook.googlescenario" tests="3" failures="0" timestamp="2021-08-12T18:03:54 IST" time="32.566" errors="0">
  <testcase name="google" time="10.474" classname="test.Signalsnotebook.googlescenario"/>
  <system-out/>
  <testcase name="google" time="10.446" classname="test.Signalsnotebook.googlescenario"/>
  <system-out/>
  <testcase name="google" time="11.646" classname="test.Signalsnotebook.googlescenario"/>
  <system-out/>
</testsuite> <!-- test.Signalsnotebook.googlescenario -->
