<?xml version="1.0" encoding="UTF-8"?>
<!-- Generated by org.testng.reporters.JUnitReportReporter -->
<testsuite skipped="0" hostname="QA-SARATHKUMAR-LAP" name="test.Regressiontest.UserDashboardiconvalidation" tests="2" failures="0" timestamp="2021-11-13T06:38:36 IST" time="55.614" errors="0">
  <testcase name="UserDashboardIconValidation" time="28.267" classname="test.Regressiontest.UserDashboardiconvalidation"/>
  <system-out/>
  <testcase name="UserDashboardIconValidation" time="27.347" classname="test.Regressiontest.UserDashboardiconvalidation"/>
  <system-out/>
</testsuite> <!-- test.Regressiontest.UserDashboardiconvalidation -->
