<?xml version="1.0" encoding="UTF-8"?>
<!-- Generated by org.testng.reporters.JUnitReportReporter -->
<testsuite skipped="0" hostname="QA-SARATHKUMAR-LAP" name="test.Regressiontest.CreateSystemobjecttemplate" tests="3" failures="0" timestamp="2021-11-25T11:05:24 IST" time="39.503" errors="0">
  <testcase name="LoginPositive" time="10.037" classname="test.Regressiontest.CreateSystemobjecttemplate"/>
  <system-out/>
  <testcase name="LoginPositive" time="13.330" classname="test.Regressiontest.CreateSystemobjecttemplate"/>
  <system-out/>
  <testcase name="LoginPositive" time="16.136" classname="test.Regressiontest.CreateSystemobjecttemplate"/>
  <system-out/>
</testsuite> <!-- test.Regressiontest.CreateSystemobjecttemplate -->
