<?xml version="1.0" encoding="UTF-8"?>
<!-- Generated by org.testng.reporters.JUnitReportReporter -->
<testsuite skipped="0" hostname="QA-SARATHKUMAR-LAP" name="test.Regressiontest.DashboardUsernameDropDownvalidation" tests="2" failures="0" timestamp="2021-11-25T11:05:24 IST" time="24.564" errors="0">
  <testcase name="dashboardDropDownValidation" time="10.574" classname="test.Regressiontest.DashboardUsernameDropDownvalidation"/>
  <system-out/>
  <testcase name="dashboardDropDownValidation" time="13.990" classname="test.Regressiontest.DashboardUsernameDropDownvalidation"/>
  <system-out/>
</testsuite> <!-- test.Regressiontest.DashboardUsernameDropDownvalidation -->
