<?xml version="1.0" encoding="UTF-8"?>
<!-- Generated by org.testng.reporters.JUnitReportReporter -->
<testsuite skipped="2" hostname="QA-SARATHKUMAR-LAP" name="test.Signalsnotebook.loginScenario" tests="6" failures="0" timestamp="2021-08-12T18:03:54 IST" time="82.369" errors="0">
  <testcase name="LoginNegative" time="7.367" classname="test.Signalsnotebook.loginScenario"/>
  <system-out/>
  <testcase name="LoginNegative" time="7.764" classname="test.Signalsnotebook.loginScenario"/>
  <system-out/>
  <testcase name="LoginPositive" time="47.039" classname="test.Signalsnotebook.loginScenario"/>
  <system-out/>
  <testcase name="LoginPositive" time="20.199" classname="test.Signalsnotebook.loginScenario"/>
  <system-out/>
  <testcase name="createnotebook" classname="test.Signalsnotebook.loginScenario">
    <skipped/>
  </testcase> <!-- createnotebook -->
  <system-out/>
  <testcase name="tvs" classname="test.Signalsnotebook.loginScenario">
    <skipped/>
  </testcase> <!-- tvs -->
  <system-out/>
</testsuite> <!-- test.Signalsnotebook.loginScenario -->
