<?xml version="1.0" encoding="UTF-8"?>
<!-- Generated by org.testng.reporters.JUnitReportReporter -->
<testsuite skipped="0" hostname="QA-SARATHKUMAR-LAP" name="test.Signalsnotebook.Validatesharingandsigning" tests="2" failures="0" timestamp="2021-08-26T12:15:39 IST" time="107.298" errors="0">
  <testcase name="dashboardDropDownValidation" time="31.364" classname="test.Signalsnotebook.Validatesharingandsigning"/>
  <system-out/>
  <testcase name="dashboardDropDownValidation" time="75.934" classname="test.Signalsnotebook.Validatesharingandsigning"/>
  <system-out/>
</testsuite> <!-- test.Signalsnotebook.Validatesharingandsigning -->
