<?xml version="1.0" encoding="UTF-8"?>
<!-- Generated by org.testng.reporters.JUnitReportReporter -->
<testsuite skipped="0" hostname="QA-SARATHKUMAR-LAP" name="test.Regressiontest.SystemSetting_AutoTextValidation" tests="4" failures="0" timestamp="2021-11-25T11:05:24 IST" time="332.042" errors="0">
  <testcase name="LoginPositive" time="59.364" classname="test.Regressiontest.SystemSetting_AutoTextValidation"/>
  <system-out/>
  <testcase name="LoginPositive" time="62.335" classname="test.Regressiontest.SystemSetting_AutoTextValidation"/>
  <system-out/>
  <testcase name="configchecker" time="210.331" classname="test.Regressiontest.SystemSetting_AutoTextValidation"/>
  <system-out/>
  <testcase name="configchecker" time="0.012" classname="test.Regressiontest.SystemSetting_AutoTextValidation"/>
  <system-out/>
</testsuite> <!-- test.Regressiontest.SystemSetting_AutoTextValidation -->
