<?xml version="1.0" encoding="UTF-8"?>
<!-- Generated by org.testng.reporters.JUnitReportReporter -->
<testsuite skipped="0" hostname="QA-SARATHKUMAR-LAP" name="test.Signalsnotebook.StandarduserDashboardvalidation" tests="2" failures="0" timestamp="2021-08-13T11:07:23 IST" time="87.458" errors="0">
  <testcase name="UserDashboardIconValidation" time="45.963" classname="test.Signalsnotebook.StandarduserDashboardvalidation"/>
  <system-out/>
  <testcase name="UserDashboardIconValidation" time="41.495" classname="test.Signalsnotebook.StandarduserDashboardvalidation"/>
  <system-out/>
</testsuite> <!-- test.Signalsnotebook.StandarduserDashboardvalidation -->
