<?xml version="1.0" encoding="UTF-8"?>
<!-- Generated by org.testng.reporters.JUnitReportReporter -->
<testsuite skipped="0" hostname="QA-SARATHKUMAR-LAP" name="test.Regressiontest.InventoryValidation" tests="4" failures="0" timestamp="2022-02-18T12:36:58 IST" time="294.505" errors="0">
  <testcase name="configchecker2" time="0.143" classname="test.Regressiontest.InventoryValidation"/>
  <system-out/>
  <testcase name="LoginPositive" time="82.112" classname="test.Regressiontest.InventoryValidation"/>
  <system-out/>
  <testcase name="configchecker2" time="119.823" classname="test.Regressiontest.InventoryValidation"/>
  <system-out/>
  <testcase name="LoginPositive" time="92.427" classname="test.Regressiontest.InventoryValidation"/>
  <system-out/>
</testsuite> <!-- test.Regressiontest.InventoryValidation -->
