<?xml version="1.0" encoding="UTF-8"?>
<!-- Generated by org.testng.reporters.JUnitReportReporter -->
<testsuite skipped="0" hostname="QA-SARATHKUMAR-LAP" name="test.Regressiontest.CreateTableTemplate2" tests="1" failures="0" timestamp="2021-10-05T13:46:24 IST" time="253.109" errors="0">
  <testcase name="LoginPositive" time="253.109" classname="test.Regressiontest.CreateTableTemplate2"/>
  <system-out/>
</testsuite> <!-- test.Regressiontest.CreateTableTemplate2 -->
