<?xml version="1.0" encoding="UTF-8"?>
<!-- Generated by org.testng.reporters.JUnitReportReporter -->
<testsuite skipped="0" hostname="QA-SARATHKUMAR-LAP" name="test.Regressiontest.PositivenegativeLoginScenario" tests="2" failures="0" timestamp="2021-12-07T15:17:53 IST" time="30.525" errors="0">
  <testcase name="LoginNegative" time="16.310" classname="test.Regressiontest.PositivenegativeLoginScenario"/>
  <system-out/>
  <testcase name="LoginNegative" time="14.215" classname="test.Regressiontest.PositivenegativeLoginScenario"/>
  <system-out/>
</testsuite> <!-- test.Regressiontest.PositivenegativeLoginScenario -->
