<?xml version="1.0" encoding="UTF-8"?>
<!-- Generated by org.testng.reporters.JUnitReportReporter -->
<testsuite skipped="0" hostname="QA-SARATHKUMAR-LAP" name="test.Regressiontest.PositivenegativeLoginScenario2" tests="4" failures="0" timestamp="2021-10-05T13:46:24 IST" time="269.315" errors="0">
  <testcase name="LoginPositive" time="219.239" classname="test.Regressiontest.PositivenegativeLoginScenario2"/>
  <system-out/>
  <testcase name="LoginNegative" time="18.331" classname="test.Regressiontest.PositivenegativeLoginScenario2"/>
  <system-out/>
  <testcase name="LoginNegative" time="11.254" classname="test.Regressiontest.PositivenegativeLoginScenario2"/>
  <system-out/>
  <testcase name="LoginPositive" time="20.491" classname="test.Regressiontest.PositivenegativeLoginScenario2"/>
  <system-out/>
</testsuite> <!-- test.Regressiontest.PositivenegativeLoginScenario2 -->
