<?xml version="1.0" encoding="UTF-8"?>
<!-- Generated by org.testng.reporters.JUnitReportReporter -->
<testsuite skipped="0" hostname="QA-SARATHKUMAR-LAP" name="test.Signalsnotebook.UserDashboardiconvalidation" tests="2" failures="0" timestamp="2021-08-26T12:15:39 IST" time="46.817" errors="0">
  <testcase name="UserDashboardIconValidation" time="23.696" classname="test.Signalsnotebook.UserDashboardiconvalidation"/>
  <system-out/>
  <testcase name="UserDashboardIconValidation" time="23.121" classname="test.Signalsnotebook.UserDashboardiconvalidation"/>
  <system-out/>
</testsuite> <!-- test.Signalsnotebook.UserDashboardiconvalidation -->
